<?xml version="1.0" encoding="UTF-8"?>
<testng-results skipped="0" failed="0" total="3" passed="3">
  <reporter-output>
  </reporter-output>
  <suite name="Default suite" duration-ms="939" started-at="2014-04-19T11:29:41Z" finished-at="2014-04-19T11:29:41Z">
    <groups>
    </groups>
    <test name="Default test" duration-ms="939" started-at="2014-04-19T11:29:41Z" finished-at="2014-04-19T11:29:41Z">
      <class name="com.skalicky.tomas.cv.domain.PostconditionsTest">
        <test-method status="PASS" signature="testIsValid()[pri:0, instance:com.skalicky.tomas.cv.domain.PostconditionsTest@1cd072a9]" name="testIsValid" duration-ms="869" started-at="2014-04-19T13:29:41Z" finished-at="2014-04-19T13:29:41Z">
          <reporter-output>
          </reporter-output>
        </test-method> <!-- testIsValid -->
      </class> <!-- com.skalicky.tomas.cv.domain.PostconditionsTest -->
      <class name="com.skalicky.tomas.cv.domain.LanguageTest">
        <test-method status="PASS" signature="testGetTypeWithEn()[pri:0, instance:com.skalicky.tomas.cv.domain.LanguageTest@3ac3fd8b]" name="testGetTypeWithEn" duration-ms="28" started-at="2014-04-19T13:29:41Z" finished-at="2014-04-19T13:29:41Z">
          <reporter-output>
          </reporter-output>
        </test-method> <!-- testGetTypeWithEn -->
        <test-method status="PASS" signature="testGetTypeWithNotExistingSk()[pri:0, instance:com.skalicky.tomas.cv.domain.LanguageTest@3ac3fd8b]" name="testGetTypeWithNotExistingSk" duration-ms="1" started-at="2014-04-19T13:29:41Z" finished-at="2014-04-19T13:29:41Z">
          <exception class="java.lang.IllegalArgumentException">
            <message>
              <![CDATA[The abbreviation 'sk' doesn't correspond to any supported language]]>
            </message>
            <full-stacktrace>
              <![CDATA[java.lang.IllegalArgumentException: The abbreviation 'sk' doesn't correspond to any supported language
	at com.skalicky.tomas.cv.domain.Language.getType(Language.java:58)
	at com.skalicky.tomas.cv.domain.LanguageTest.testGetTypeWithNotExistingSk(LanguageTest.java:16)
	at sun.reflect.NativeMethodAccessorImpl.invoke0(Native Method)
	at sun.reflect.NativeMethodAccessorImpl.invoke(NativeMethodAccessorImpl.java:62)
	at sun.reflect.DelegatingMethodAccessorImpl.invoke(DelegatingMethodAccessorImpl.java:43)
	at java.lang.reflect.Method.invoke(Method.java:483)
	at org.testng.internal.MethodInvocationHelper.invokeMethod(MethodInvocationHelper.java:84)
	at org.testng.internal.Invoker.invokeMethod(Invoker.java:714)
	at org.testng.internal.Invoker.invokeTestMethod(Invoker.java:901)
	at org.testng.internal.Invoker.invokeTestMethods(Invoker.java:1231)
	at org.testng.internal.TestMethodWorker.invokeTestMethods(TestMethodWorker.java:127)
	at org.testng.internal.TestMethodWorker.run(TestMethodWorker.java:111)
	at org.testng.TestRunner.privateRun(TestRunner.java:767)
	at org.testng.TestRunner.run(TestRunner.java:617)
	at org.testng.SuiteRunner.runTest(SuiteRunner.java:334)
	at org.testng.SuiteRunner.runSequentially(SuiteRunner.java:329)
	at org.testng.SuiteRunner.privateRun(SuiteRunner.java:291)
	at org.testng.SuiteRunner.run(SuiteRunner.java:240)
	at org.testng.SuiteRunnerWorker.runSuite(SuiteRunnerWorker.java:52)
	at org.testng.SuiteRunnerWorker.run(SuiteRunnerWorker.java:86)
	at org.testng.TestNG.runSuitesSequentially(TestNG.java:1224)
	at org.testng.TestNG.runSuitesLocally(TestNG.java:1149)
	at org.testng.TestNG.run(TestNG.java:1057)
	at org.testng.remote.RemoteTestNG.run(RemoteTestNG.java:111)
	at org.testng.remote.RemoteTestNG.initAndRun(RemoteTestNG.java:204)
	at org.testng.remote.RemoteTestNG.main(RemoteTestNG.java:175)
]]>
            </full-stacktrace>
          </exception> <!-- java.lang.IllegalArgumentException -->
          <reporter-output>
          </reporter-output>
        </test-method> <!-- testGetTypeWithNotExistingSk -->
      </class> <!-- com.skalicky.tomas.cv.domain.LanguageTest -->
    </test> <!-- Default test -->
  </suite> <!-- Default suite -->
</testng-results>
