<?xml version="1.0" encoding="UTF-8"?>
<!-- Generated by org.testng.reporters.JUnitXMLReporter -->
<testsuite hostname="tom-laptop" name="Default test" tests="3" failures="0" timestamp="19 Apr 2014 11:29:41 GMT" time="0.939" errors="0">
  <testcase name="testGetTypeWithEn" time="0.028" classname="com.skalicky.tomas.cv.domain.LanguageTest"/>
  <testcase name="testGetTypeWithNotExistingSk" time="0.001" classname="com.skalicky.tomas.cv.domain.LanguageTest"/>
  <testcase name="testIsValid" time="0.869" classname="com.skalicky.tomas.cv.domain.PostconditionsTest"/>
</testsuite> <!-- Default test -->
