<?xml version="1.0" encoding="UTF-8"?>
<testng-results skipped="0" failed="1" total="1" passed="0">
  <reporter-output>
  </reporter-output>
  <suite name="Default suite" duration-ms="609" started-at="2014-04-19T18:26:07Z" finished-at="2014-04-19T18:26:07Z">
    <groups>
    </groups>
    <test name="Default test" duration-ms="609" started-at="2014-04-19T18:26:07Z" finished-at="2014-04-19T18:26:07Z">
      <class name="com.skalicky.tomas.cv.persistencelayer.JsonReaderTest">
        <test-method status="PASS" signature="springTestContextBeforeTestClass()[pri:0, instance:com.skalicky.tomas.cv.persistencelayer.JsonReaderTest@cb644e]" name="springTestContextBeforeTestClass" is-config="true" duration-ms="11" started-at="2014-04-19T20:26:07Z" finished-at="2014-04-19T20:26:07Z">
          <reporter-output>
          </reporter-output>
        </test-method> <!-- springTestContextBeforeTestClass -->
        <test-method status="PASS" signature="springTestContextPrepareTestInstance()[pri:0, instance:com.skalicky.tomas.cv.persistencelayer.JsonReaderTest@cb644e]" name="springTestContextPrepareTestInstance" is-config="true" duration-ms="565" started-at="2014-04-19T20:26:07Z" depends-on-methods="org.springframework.test.context.testng.AbstractTestNGSpringContextTests.springTestContextBeforeTestClass" finished-at="2014-04-19T20:26:07Z">
          <reporter-output>
          </reporter-output>
        </test-method> <!-- springTestContextPrepareTestInstance -->
        <test-method status="PASS" signature="springTestContextBeforeTestMethod(java.lang.reflect.Method)[pri:0, instance:com.skalicky.tomas.cv.persistencelayer.JsonReaderTest@cb644e]" name="springTestContextBeforeTestMethod" is-config="true" duration-ms="1" started-at="2014-04-19T20:26:07Z" finished-at="2014-04-19T20:26:07Z">
          <params>
            <param index="0">
              <value>
                <![CDATA[public void com.skalicky.tomas.cv.persistencelayer.JsonReaderTest.testRead() throws java.lang.Exception]]>
              </value>
            </param>
          </params>
          <reporter-output>
          </reporter-output>
        </test-method> <!-- springTestContextBeforeTestMethod -->
        <test-method status="FAIL" signature="testRead()[pri:0, instance:com.skalicky.tomas.cv.persistencelayer.JsonReaderTest@cb644e]" name="testRead" duration-ms="8" started-at="2014-04-19T20:26:07Z" finished-at="2014-04-19T20:26:07Z">
          <exception class="java.io.FileNotFoundException">
            <message>
              <![CDATA[class path resource [data/tomas-skalicky-cv-en.json] cannot be opened because it does not exist]]>
            </message>
            <full-stacktrace>
              <![CDATA[java.io.FileNotFoundException: class path resource [data/tomas-skalicky-cv-en.json] cannot be opened because it does not exist
	at org.springframework.core.io.ClassPathResource.getInputStream(ClassPathResource.java:158)
	at com.skalicky.tomas.cv.persistencelayer.JsonReaderTest.testRead(JsonReaderTest.java:37)
	at sun.reflect.NativeMethodAccessorImpl.invoke0(Native Method)
	at sun.reflect.NativeMethodAccessorImpl.invoke(NativeMethodAccessorImpl.java:62)
	at sun.reflect.DelegatingMethodAccessorImpl.invoke(DelegatingMethodAccessorImpl.java:43)
	at java.lang.reflect.Method.invoke(Method.java:483)
	at org.testng.internal.MethodInvocationHelper.invokeMethod(MethodInvocationHelper.java:84)
	at org.testng.internal.MethodInvocationHelper$1.runTestMethod(MethodInvocationHelper.java:200)
	at org.springframework.test.context.testng.AbstractTestNGSpringContextTests.run(AbstractTestNGSpringContextTests.java:172)
	at sun.reflect.NativeMethodAccessorImpl.invoke0(Native Method)
	at sun.reflect.NativeMethodAccessorImpl.invoke(NativeMethodAccessorImpl.java:62)
	at sun.reflect.DelegatingMethodAccessorImpl.invoke(DelegatingMethodAccessorImpl.java:43)
	at java.lang.reflect.Method.invoke(Method.java:483)
	at org.testng.internal.MethodInvocationHelper.invokeHookable(MethodInvocationHelper.java:212)
	at org.testng.internal.Invoker.invokeMethod(Invoker.java:707)
	at org.testng.internal.Invoker.invokeTestMethod(Invoker.java:901)
	at org.testng.internal.Invoker.invokeTestMethods(Invoker.java:1231)
	at org.testng.internal.TestMethodWorker.invokeTestMethods(TestMethodWorker.java:127)
	at org.testng.internal.TestMethodWorker.run(TestMethodWorker.java:111)
	at org.testng.TestRunner.privateRun(TestRunner.java:767)
	at org.testng.TestRunner.run(TestRunner.java:617)
	at org.testng.SuiteRunner.runTest(SuiteRunner.java:334)
	at org.testng.SuiteRunner.runSequentially(SuiteRunner.java:329)
	at org.testng.SuiteRunner.privateRun(SuiteRunner.java:291)
	at org.testng.SuiteRunner.run(SuiteRunner.java:240)
	at org.testng.SuiteRunnerWorker.runSuite(SuiteRunnerWorker.java:52)
	at org.testng.SuiteRunnerWorker.run(SuiteRunnerWorker.java:86)
	at org.testng.TestNG.runSuitesSequentially(TestNG.java:1224)
	at org.testng.TestNG.runSuitesLocally(TestNG.java:1149)
	at org.testng.TestNG.run(TestNG.java:1057)
	at org.testng.remote.RemoteTestNG.run(RemoteTestNG.java:111)
	at org.testng.remote.RemoteTestNG.initAndRun(RemoteTestNG.java:204)
	at org.testng.remote.RemoteTestNG.main(RemoteTestNG.java:175)
]]>
            </full-stacktrace>
          </exception> <!-- java.io.FileNotFoundException -->
          <reporter-output>
          </reporter-output>
        </test-method> <!-- testRead -->
        <test-method status="PASS" signature="springTestContextAfterTestMethod(java.lang.reflect.Method)[pri:0, instance:com.skalicky.tomas.cv.persistencelayer.JsonReaderTest@cb644e]" name="springTestContextAfterTestMethod" is-config="true" duration-ms="4" started-at="2014-04-19T20:26:07Z" finished-at="2014-04-19T20:26:07Z">
          <params>
            <param index="0">
              <value>
                <![CDATA[public void com.skalicky.tomas.cv.persistencelayer.JsonReaderTest.testRead() throws java.lang.Exception]]>
              </value>
            </param>
          </params>
          <reporter-output>
          </reporter-output>
        </test-method> <!-- springTestContextAfterTestMethod -->
        <test-method status="PASS" signature="springTestContextAfterTestClass()[pri:0, instance:com.skalicky.tomas.cv.persistencelayer.JsonReaderTest@cb644e]" name="springTestContextAfterTestClass" is-config="true" duration-ms="1" started-at="2014-04-19T20:26:07Z" finished-at="2014-04-19T20:26:07Z">
          <reporter-output>
          </reporter-output>
        </test-method> <!-- springTestContextAfterTestClass -->
      </class> <!-- com.skalicky.tomas.cv.persistencelayer.JsonReaderTest -->
    </test> <!-- Default test -->
  </suite> <!-- Default suite -->
</testng-results>
